-------------------------------------------------------------------------------
Test set: es.uca.iw.telefonuca.user.unit.UserActivationViewTest
-------------------------------------------------------------------------------
Tests run: 2, Failures: 2, Errors: 0, Skipped: 0, Time elapsed: 3.448 s <<< FAILURE! -- in es.uca.iw.telefonuca.user.unit.UserActivationViewTest
es.uca.iw.telefonuca.user.unit.UserActivationViewTest.shouldShowSuccessMessageWhenUserIsActivated -- Time elapsed: 0.020 s <<< FAILURE!
org.mockito.exceptions.verification.TooManyActualInvocations: 

userManagementService bean.activateUser(
    <any string>,
    <any string>
);
Wanted 1 time:
-> at es.uca.iw.telefonuca.user.services.UserManagementService.activateUser(UserManagementService.java:80)
But was 2 times:
-> at es.uca.iw.telefonuca.DatabasePopulator.run(DatabasePopulator.java:41)
-> at es.uca.iw.telefonuca.user.views.UserActivationView.onActivateButtonClick(UserActivationView.java:91)


	at es.uca.iw.telefonuca.user.services.UserManagementService.activateUser(UserManagementService.java:80)
	at es.uca.iw.telefonuca.user.unit.UserActivationViewTest.shouldShowSuccessMessageWhenUserIsActivated(UserActivationViewTest.java:77)
	at java.base/java.lang.reflect.Method.invoke(Method.java:580)
	at java.base/java.util.ArrayList.forEach(ArrayList.java:1596)
	at java.base/java.util.ArrayList.forEach(ArrayList.java:1596)

es.uca.iw.telefonuca.user.unit.UserActivationViewTest.shouldShowFailureMessageWhenUserIsNotActivated -- Time elapsed: 0.008 s <<< FAILURE!
org.opentest4j.AssertionFailedError: 

Expecting value to be true but was false
	at java.base/jdk.internal.reflect.DirectConstructorHandleAccessor.newInstance(DirectConstructorHandleAccessor.java:62)
	at java.base/java.lang.reflect.Constructor.newInstanceWithCaller(Constructor.java:502)
	at es.uca.iw.telefonuca.user.unit.UserActivationViewTest.shouldShowFailureMessageWhenUserIsNotActivated(UserActivationViewTest.java:55)
	at java.base/java.lang.reflect.Method.invoke(Method.java:580)
	at java.base/java.util.ArrayList.forEach(ArrayList.java:1596)
	at java.base/java.util.ArrayList.forEach(ArrayList.java:1596)

