<?xml version="1.0" encoding="UTF-8"?>
<testsuite xmlns:xsi="http://www.w3.org/2001/XMLSchema-instance" xsi:noNamespaceSchemaLocation="https://maven.apache.org/surefire/maven-surefire-plugin/xsd/surefire-test-report-3.0.xsd" version="3.0" name="es.uca.iw.telefonuca.user.unit.UserRepositoryTest" time="3.012" tests="2" errors="0" skipped="0" failures="0">
  <properties>
[...]
</properties>
  <testcase name="shouldFindAnExistingUser" classname="es.uca.iw.telefonuca.user.unit.UserRepositoryTest" time="0.583">
    <system-out><![CDATA[12:15:59.666 [main] INFO org.springframework.test.context.support.AnnotationConfigContextLoaderUtils -- Could not detect default configuration classes for test class [es.uca.iw.telefonuca.user.unit.UserRepositoryTest]: UserRepositoryTest does not declare any static, non-private, non-final, nested classes annotated with @Configuration.
12:15:59.756 [main] INFO org.springframework.boot.test.context.SpringBootTestContextBootstrapper -- Found @SpringBootConfiguration es.uca.iw.telefonuca.WebApplication for test class es.uca.iw.telefonuca.user.unit.UserRepositoryTest
12:15:59.806 [main] INFO org.springframework.boot.devtools.restart.RestartApplicationListener -- Restart disabled due to context in which it is running

  .   ____          _            __ _ _
 /\\ / ___'_ __ _ _(_)_ __  __ _ \ \ \ \
( ( )\___ | '_ | '_| | '_ \/ _` | \ \ \ \
 \\/  ___)| |_)| | | | | || (_| |  ) ) ) )
  '  |____| .__|_| |_|_| |_\__, | / / / /
 =========|_|==============|___/=/_/_/_/
 :: Spring Boot ::                (v3.2.1)

2024-01-03T12:16:00.014+01:00  INFO 275815 --- [           main] e.u.i.t.user.unit.UserRepositoryTest     : Starting UserRepositoryTest using Java 21 with PID 275815 (started by david in /home/david/Documentos/Repositorios_github/Proyecto IW/iw2023-2024-TelefonUCA-3)
2024-01-03T12:16:00.015+01:00  INFO 275815 --- [           main] e.u.i.t.user.unit.UserRepositoryTest     : No active profile set, falling back to 1 default profile: "default"
2024-01-03T12:16:00.296+01:00  INFO 275815 --- [           main] .s.d.r.c.RepositoryConfigurationDelegate : Bootstrapping Spring Data JPA repositories in DEFAULT mode.
2024-01-03T12:16:00.353+01:00  INFO 275815 --- [           main] .s.d.r.c.RepositoryConfigurationDelegate : Finished Spring Data repository scanning in 51 ms. Found 3 JPA repository interfaces.
2024-01-03T12:16:00.387+01:00  INFO 275815 --- [           main] beddedDataSourceBeanFactoryPostProcessor : Replacing 'dataSource' DataSource bean with embedded version
2024-01-03T12:16:00.494+01:00  INFO 275815 --- [           main] o.s.j.d.e.EmbeddedDatabaseFactory        : Starting embedded database: url='jdbc:h2:mem:5de7e4f0-1d87-4b61-949b-419e6b7d77ec;DB_CLOSE_DELAY=-1;DB_CLOSE_ON_EXIT=false', username='sa'
2024-01-03T12:16:00.684+01:00  INFO 275815 --- [           main] o.hibernate.jpa.internal.util.LogHelper  : HHH000204: Processing PersistenceUnitInfo [name: default]
2024-01-03T12:16:00.734+01:00  INFO 275815 --- [           main] org.hibernate.Version                    : HHH000412: Hibernate ORM core version 6.4.1.Final
2024-01-03T12:16:00.758+01:00  INFO 275815 --- [           main] o.h.c.internal.RegionFactoryInitiator    : HHH000026: Second-level cache disabled
2024-01-03T12:16:00.896+01:00  INFO 275815 --- [           main] o.s.o.j.p.SpringPersistenceUnitInfo      : No LoadTimeWeaver setup: ignoring JPA class transformer
2024-01-03T12:16:01.534+01:00  INFO 275815 --- [           main] o.h.e.t.j.p.i.JtaPlatformInitiator       : HHH000489: No JTA platform available (set 'hibernate.transaction.jta.platform' to enable JTA platform integration)
Hibernate: create table app_users (id char(36) not null, active boolean not null, email varchar(255), name varchar(255), password varchar(255), register_code varchar(255), surname varchar(255), username varchar(255), primary key (id))
Hibernate: create table book (id char(36) not null, author varchar(255), publication_date date, publisher varchar(255), title varchar(255), primary key (id))
Hibernate: create table contracts (id char(36) not null, bill float(24), finish_at date, months_agreed integer, owner_id uuid, start_at date, primary key (id))
Hibernate: create table user_roles (user_id char(36) not null, roles varchar(255) check (roles in ('USER','ADMIN','CUSTOMER','SALES','FINANCIAL','CUSTOMER_SERVICE')))
Hibernate: alter table if exists app_users drop constraint if exists UK_4vj92ux8a2eehds1mdvmks473
Hibernate: alter table if exists app_users add constraint UK_4vj92ux8a2eehds1mdvmks473 unique (email)
Hibernate: alter table if exists app_users drop constraint if exists UK_spsnwr241e9k9c8p5xl4k45ih
Hibernate: alter table if exists app_users add constraint UK_spsnwr241e9k9c8p5xl4k45ih unique (username)
Hibernate: alter table if exists user_roles add constraint FKaf154i5th4vvgbahf8b8pa688 foreign key (user_id) references app_users
2024-01-03T12:16:01.576+01:00  INFO 275815 --- [           main] j.LocalContainerEntityManagerFactoryBean : Initialized JPA EntityManagerFactory for persistence unit 'default'
2024-01-03T12:16:01.957+01:00  INFO 275815 --- [           main] e.u.i.t.user.unit.UserRepositoryTest     : Started UserRepositoryTest in 2.159 seconds (process running for 2.989)
]]></system-out>
    <system-err><![CDATA[WARNING: A Java agent has been loaded dynamically (/home/david/.m2/repository/net/bytebuddy/byte-buddy-agent/1.14.10/byte-buddy-agent-1.14.10.jar)
WARNING: If a serviceability tool is in use, please run with -XX:+EnableDynamicAgentLoading to hide this warning
WARNING: If a serviceability tool is not in use, please run with -Djdk.instrument.traceUsage for more information
WARNING: Dynamic loading of agents will be disallowed by default in a future release
]]></system-err>
  </testcase>
  <testcase name="shouldNotFindANotExistingUser" classname="es.uca.iw.telefonuca.user.unit.UserRepositoryTest" time="0.024">
    <system-out><![CDATA[Hibernate: select u1_0.id,u1_0.active,u1_0.email,u1_0.name,u1_0.password,u1_0.register_code,r1_0.user_id,r1_0.roles,u1_0.surname,u1_0.username from app_users u1_0 left join user_roles r1_0 on u1_0.id=r1_0.user_id where u1_0.id=?
]]></system-out>
  </testcase>
</testsuite>