<?xml version="1.0" encoding="UTF-8"?>
<testsuite xmlns:xsi="http://www.w3.org/2001/XMLSchema-instance" xsi:noNamespaceSchemaLocation="https://maven.apache.org/surefire/maven-surefire-plugin/xsd/surefire-test-report-3.0.xsd" version="3.0" name="es.uca.iw.telefonuca.user.unit.UserRepositoryTest" time="2.89" tests="2" errors="0" skipped="0" failures="0">
  <properties>
[...]
</properties>
  <testcase name="shouldFindAnExistingUser" classname="es.uca.iw.telefonuca.user.unit.UserRepositoryTest" time="0.607">
    <system-out><![CDATA[18:56:10.464 [main] INFO org.springframework.test.context.support.AnnotationConfigContextLoaderUtils -- Could not detect default configuration classes for test class [es.uca.iw.telefonuca.user.unit.UserRepositoryTest]: UserRepositoryTest does not declare any static, non-private, non-final, nested classes annotated with @Configuration.
18:56:10.544 [main] INFO org.springframework.boot.test.context.SpringBootTestContextBootstrapper -- Found @SpringBootConfiguration es.uca.iw.telefonuca.WebApplication for test class es.uca.iw.telefonuca.user.unit.UserRepositoryTest
18:56:10.589 [main] INFO org.springframework.boot.devtools.restart.RestartApplicationListener -- Restart disabled due to context in which it is running

  .   ____          _            __ _ _
 /\\ / ___'_ __ _ _(_)_ __  __ _ \ \ \ \
( ( )\___ | '_ | '_| | '_ \/ _` | \ \ \ \
 \\/  ___)| |_)| | | | | || (_| |  ) ) ) )
  '  |____| .__|_| |_|_| |_\__, | / / / /
 =========|_|==============|___/=/_/_/_/
 :: Spring Boot ::                (v3.1.5)

2023-12-26T18:56:10.781+01:00  INFO 29992 --- [           main] e.u.i.t.user.unit.UserRepositoryTest     : Starting UserRepositoryTest using Java 21 with PID 29992 (started by david in /home/david/Documentos/Repositorios_github/Deploy_telefonUCA/iw2023-2024-TelefonUCA)
2023-12-26T18:56:10.782+01:00  INFO 29992 --- [           main] e.u.i.t.user.unit.UserRepositoryTest     : No active profile set, falling back to 1 default profile: "default"
2023-12-26T18:56:11.050+01:00  INFO 29992 --- [           main] .s.d.r.c.RepositoryConfigurationDelegate : Bootstrapping Spring Data JPA repositories in DEFAULT mode.
2023-12-26T18:56:11.095+01:00  INFO 29992 --- [           main] .s.d.r.c.RepositoryConfigurationDelegate : Finished Spring Data repository scanning in 40 ms. Found 2 JPA repository interfaces.
2023-12-26T18:56:11.131+01:00  INFO 29992 --- [           main] beddedDataSourceBeanFactoryPostProcessor : Replacing 'dataSource' DataSource bean with embedded version
2023-12-26T18:56:11.246+01:00  INFO 29992 --- [           main] o.s.j.d.e.EmbeddedDatabaseFactory        : Starting embedded database: url='jdbc:h2:mem:bbd9a549-53b3-4378-b82b-02a46a8bee32;DB_CLOSE_DELAY=-1;DB_CLOSE_ON_EXIT=false', username='sa'
2023-12-26T18:56:11.458+01:00  INFO 29992 --- [           main] o.hibernate.jpa.internal.util.LogHelper  : HHH000204: Processing PersistenceUnitInfo [name: default]
2023-12-26T18:56:11.490+01:00  INFO 29992 --- [           main] org.hibernate.Version                    : HHH000412: Hibernate ORM core version 6.2.13.Final
2023-12-26T18:56:11.491+01:00  INFO 29992 --- [           main] org.hibernate.cfg.Environment            : HHH000406: Using bytecode reflection optimizer
2023-12-26T18:56:11.660+01:00  INFO 29992 --- [           main] o.s.o.j.p.SpringPersistenceUnitInfo      : No LoadTimeWeaver setup: ignoring JPA class transformer
2023-12-26T18:56:12.242+01:00  INFO 29992 --- [           main] o.h.e.t.j.p.i.JtaPlatformInitiator       : HHH000489: No JTA platform available (set 'hibernate.transaction.jta.platform' to enable JTA platform integration)
Hibernate: create table appuser (id char(36) not null, active boolean not null, email varchar(255), name varchar(255), password varchar(255), register_code varchar(255), surname varchar(255), username varchar(255), primary key (id))
Hibernate: create table book (id char(36) not null, author varchar(255), publication_date date, publisher varchar(255), title varchar(255), primary key (id))
Hibernate: create table user_roles (user_id char(36) not null, roles varchar(255) check (roles in ('USER','ADMIN')))
Hibernate: alter table if exists appuser drop constraint if exists UK_hcij6hlq32eras7xlmvbx2sbm
Hibernate: alter table if exists appuser add constraint UK_hcij6hlq32eras7xlmvbx2sbm unique (email)
Hibernate: alter table if exists appuser drop constraint if exists UK_ee3cmxp6jvhe7rqksp12a80w5
Hibernate: alter table if exists appuser add constraint UK_ee3cmxp6jvhe7rqksp12a80w5 unique (name)
Hibernate: alter table if exists appuser drop constraint if exists UK_j0jv0ntq3gks60qd44m3x28ku
Hibernate: alter table if exists appuser add constraint UK_j0jv0ntq3gks60qd44m3x28ku unique (surname)
Hibernate: alter table if exists appuser drop constraint if exists UK_418sr20kh207kb22viuyno1
Hibernate: alter table if exists appuser add constraint UK_418sr20kh207kb22viuyno1 unique (username)
Hibernate: alter table if exists user_roles add constraint FKdrqlnn9xwid4ljmpagq4omrmy foreign key (user_id) references appuser
2023-12-26T18:56:12.281+01:00  INFO 29992 --- [           main] j.LocalContainerEntityManagerFactoryBean : Initialized JPA EntityManagerFactory for persistence unit 'default'
2023-12-26T18:56:12.594+01:00  INFO 29992 --- [           main] e.u.i.t.user.unit.UserRepositoryTest     : Started UserRepositoryTest in 2.012 seconds (process running for 2.771)
]]></system-out>
    <system-err><![CDATA[WARNING: A Java agent has been loaded dynamically (/home/david/.m2/repository/net/bytebuddy/byte-buddy-agent/1.14.9/byte-buddy-agent-1.14.9.jar)
WARNING: If a serviceability tool is in use, please run with -XX:+EnableDynamicAgentLoading to hide this warning
WARNING: If a serviceability tool is not in use, please run with -Djdk.instrument.traceUsage for more information
WARNING: Dynamic loading of agents will be disallowed by default in a future release
]]></system-err>
  </testcase>
  <testcase name="shouldNotFindANotExistingUser" classname="es.uca.iw.telefonuca.user.unit.UserRepositoryTest" time="0.02">
    <system-out><![CDATA[Hibernate: select u1_0.id,u1_0.active,u1_0.email,u1_0.name,u1_0.password,u1_0.register_code,r1_0.user_id,r1_0.roles,u1_0.surname,u1_0.username from appuser u1_0 left join user_roles r1_0 on u1_0.id=r1_0.user_id where u1_0.id=?
]]></system-out>
  </testcase>
</testsuite>